2025-10-09 10:39:46,119 - __main__ - INFO - 模式: 单次运行。
2025-10-09 10:39:46,123 - jieba - DEBUG - Building prefix dict from the default dictionary ...
2025-10-09 10:39:46,124 - jieba - DEBUG - Loading model from cache C:\Users\zpaeng\AppData\Local\Temp\jieba.cache
2025-10-09 10:39:46,850 - jieba - DEBUG - Loading model cost 0.727 seconds.
2025-10-09 10:39:46,851 - jieba - DEBUG - Prefix dict has been built successfully.
2025-10-09 10:39:47,869 - forum_reply.scheduler.scheduler - INFO - 正在初始化调度器...
2025-10-09 10:39:47,875 - forum_reply.scheduler.scheduler - INFO - 数据库初始化完成。
2025-10-09 10:39:47,879 - forum_reply.scheduler.scheduler - INFO - 调度器初始化完成。
2025-10-09 10:39:47,879 - forum_reply.scheduler.scheduler - INFO - ==================================================
2025-10-09 10:39:47,880 - forum_reply.scheduler.scheduler - INFO - 开始新一轮自动回复周期...
2025-10-09 10:39:47,880 - forum_reply.scheduler.scheduler - INFO - 步骤 0: 执行每日签到...
2025-10-09 10:39:47,880 - forum_reply.scheduler.signin_manager - INFO - 开始执行DeepFlood签到...
2025-10-09 10:39:47,881 - forum_reply.scheduler.signin_manager - INFO - 开始初始化浏览器...
2025-10-09 10:39:47,881 - forum_reply.scheduler.signin_manager - INFO - 启用无头模式...
2025-10-09 10:39:47,881 - forum_reply.scheduler.signin_manager - INFO - 正在启动Chrome...
2025-10-09 10:39:51,540 - undetected_chromedriver.patcher - INFO - patching driver executable C:\Users\zpaeng\appdata\roaming\undetected_chromedriver\undetected_chromedriver.exe
2025-10-09 10:39:56,500 - forum_reply.scheduler.signin_manager - INFO - Chrome启动成功
2025-10-09 10:39:56,501 - forum_reply.scheduler.signin_manager - INFO - 正在设置cookie...
2025-10-09 10:40:05,005 - forum_reply.scheduler.signin_manager - INFO - 刷新页面...
2025-10-09 10:40:05,535 - forum_reply.scheduler.signin_manager - ERROR - 设置浏览器和Cookie时出错: ('Connection aborted.', ConnectionResetError(10054, '远程主机强迫关闭了一个现有的连接。', None, 10054, None))
Traceback (most recent call last):
  File "C:\Users\zpaeng\AppData\Local\Programs\Python\Python313\Lib\site-packages\urllib3\connectionpool.py", line 787, in urlopen
    response = self._make_request(
        conn,
    ...<10 lines>...
        **response_kw,
    )
  File "C:\Users\zpaeng\AppData\Local\Programs\Python\Python313\Lib\site-packages\urllib3\connectionpool.py", line 534, in _make_request
    response = conn.getresponse()
  File "C:\Users\zpaeng\AppData\Local\Programs\Python\Python313\Lib\site-packages\urllib3\connection.py", line 565, in getresponse
    httplib_response = super().getresponse()
  File "C:\Users\zpaeng\AppData\Local\Programs\Python\Python313\Lib\http\client.py", line 1430, in getresponse
    response.begin()
    ~~~~~~~~~~~~~~^^
  File "C:\Users\zpaeng\AppData\Local\Programs\Python\Python313\Lib\http\client.py", line 331, in begin
    version, status, reason = self._read_status()
                              ~~~~~~~~~~~~~~~~~^^
  File "C:\Users\zpaeng\AppData\Local\Programs\Python\Python313\Lib\http\client.py", line 292, in _read_status
    line = str(self.fp.readline(_MAXLINE + 1), "iso-8859-1")
               ~~~~~~~~~~~~~~~~^^^^^^^^^^^^^^
  File "C:\Users\zpaeng\AppData\Local\Programs\Python\Python313\Lib\socket.py", line 719, in readinto
    return self._sock.recv_into(b)
           ~~~~~~~~~~~~~~~~~~~~^^^
ConnectionResetError: [WinError 10054] 远程主机强迫关闭了一个现有的连接。

During handling of the above exception, another exception occurred:

Traceback (most recent call last):
  File "C:\project\NodeSeek-Signin\forum_reply\scheduler\signin_manager.py", line 135, in setup_driver_and_cookies
    driver.refresh()
    ~~~~~~~~~~~~~~^^
  File "C:\Users\zpaeng\AppData\Local\Programs\Python\Python313\Lib\site-packages\selenium\webdriver\remote\webdriver.py", line 728, in refresh
    self.execute(Command.REFRESH)
    ~~~~~~~~~~~~^^^^^^^^^^^^^^^^^
  File "C:\Users\zpaeng\AppData\Local\Programs\Python\Python313\Lib\site-packages\selenium\webdriver\remote\webdriver.py", line 455, in execute
    response = cast(RemoteConnection, self.command_executor).execute(driver_command, params)
  File "C:\Users\zpaeng\AppData\Local\Programs\Python\Python313\Lib\site-packages\selenium\webdriver\remote\remote_connection.py", line 406, in execute
    return self._request(command_info[0], url, body=data)
           ~~~~~~~~~~~~~^^^^^^^^^^^^^^^^^^^^^^^^^^^^^^^^^
  File "C:\Users\zpaeng\AppData\Local\Programs\Python\Python313\Lib\site-packages\selenium\webdriver\remote\remote_connection.py", line 430, in _request
    response = self._conn.request(method, url, body=body, headers=headers, timeout=self._client_config.timeout)
  File "C:\Users\zpaeng\AppData\Local\Programs\Python\Python313\Lib\site-packages\urllib3\_request_methods.py", line 143, in request
    return self.request_encode_body(
           ~~~~~~~~~~~~~~~~~~~~~~~~^
        method, url, fields=fields, headers=headers, **urlopen_kw
        ^^^^^^^^^^^^^^^^^^^^^^^^^^^^^^^^^^^^^^^^^^^^^^^^^^^^^^^^^
    )
    ^
  File "C:\Users\zpaeng\AppData\Local\Programs\Python\Python313\Lib\site-packages\urllib3\_request_methods.py", line 278, in request_encode_body
    return self.urlopen(method, url, **extra_kw)
           ~~~~~~~~~~~~^^^^^^^^^^^^^^^^^^^^^^^^^
  File "C:\Users\zpaeng\AppData\Local\Programs\Python\Python313\Lib\site-packages\urllib3\poolmanager.py", line 459, in urlopen
    response = conn.urlopen(method, u.request_uri, **kw)
  File "C:\Users\zpaeng\AppData\Local\Programs\Python\Python313\Lib\site-packages\urllib3\connectionpool.py", line 841, in urlopen
    retries = retries.increment(
        method, url, error=new_e, _pool=self, _stacktrace=sys.exc_info()[2]
    )
  File "C:\Users\zpaeng\AppData\Local\Programs\Python\Python313\Lib\site-packages\urllib3\util\retry.py", line 474, in increment
    raise reraise(type(error), error, _stacktrace)
          ~~~~~~~^^^^^^^^^^^^^^^^^^^^^^^^^^^^^^^^^
  File "C:\Users\zpaeng\AppData\Local\Programs\Python\Python313\Lib\site-packages\urllib3\util\util.py", line 38, in reraise
    raise value.with_traceback(tb)
  File "C:\Users\zpaeng\AppData\Local\Programs\Python\Python313\Lib\site-packages\urllib3\connectionpool.py", line 787, in urlopen
    response = self._make_request(
        conn,
    ...<10 lines>...
        **response_kw,
    )
  File "C:\Users\zpaeng\AppData\Local\Programs\Python\Python313\Lib\site-packages\urllib3\connectionpool.py", line 534, in _make_request
    response = conn.getresponse()
  File "C:\Users\zpaeng\AppData\Local\Programs\Python\Python313\Lib\site-packages\urllib3\connection.py", line 565, in getresponse
    httplib_response = super().getresponse()
  File "C:\Users\zpaeng\AppData\Local\Programs\Python\Python313\Lib\http\client.py", line 1430, in getresponse
    response.begin()
    ~~~~~~~~~~~~~~^^
  File "C:\Users\zpaeng\AppData\Local\Programs\Python\Python313\Lib\http\client.py", line 331, in begin
    version, status, reason = self._read_status()
                              ~~~~~~~~~~~~~~~~~^^
  File "C:\Users\zpaeng\AppData\Local\Programs\Python\Python313\Lib\http\client.py", line 292, in _read_status
    line = str(self.fp.readline(_MAXLINE + 1), "iso-8859-1")
               ~~~~~~~~~~~~~~~~^^^^^^^^^^^^^^
  File "C:\Users\zpaeng\AppData\Local\Programs\Python\Python313\Lib\socket.py", line 719, in readinto
    return self._sock.recv_into(b)
           ~~~~~~~~~~~~~~~~~~~~^^^
urllib3.exceptions.ProtocolError: ('Connection aborted.', ConnectionResetError(10054, '远程主机强迫关闭了一个现有的连接。', None, 10054, None))
2025-10-09 10:40:05,739 - forum_reply.scheduler.signin_manager - ERROR - 浏览器初始化失败
